I, [2019-05-28T16:03:23.493412 #14769]  INFO -- default-ubuntu-1604: -----> Cleaning up any prior instances of <default-ubuntu-1604>
I, [2019-05-28T16:03:23.496689 #14769]  INFO -- default-ubuntu-1604: -----> Destroying <default-ubuntu-1604>...
I, [2019-05-28T16:03:23.497378 #14769]  INFO -- default-ubuntu-1604: [Dummy] Destroy on instance=#<Kitchen::Instance:0x00007fa075880f28> with state={:my_id=>"default-ubuntu-1604-1559055626", :last_action=>"create", :last_error=>"Kitchen::ActionFailed"}
I, [2019-05-28T16:03:23.499015 #14769]  INFO -- default-ubuntu-1604: Finished destroying <default-ubuntu-1604> (0m0.00s).
I, [2019-05-28T16:03:23.500961 #14769]  INFO -- default-ubuntu-1604: -----> Testing <default-ubuntu-1604>
I, [2019-05-28T16:03:23.501214 #14769]  INFO -- default-ubuntu-1604: -----> Creating <default-ubuntu-1604>...
I, [2019-05-28T16:03:23.501633 #14769]  INFO -- default-ubuntu-1604: [Dummy] Create on instance=#<Kitchen::Instance:0x00007fa075880f28> with state={:my_id=>"default-ubuntu-1604-1559055803"}
I, [2019-05-28T16:03:23.502688 #14769]  INFO -- default-ubuntu-1604: Finished creating <default-ubuntu-1604> (0m0.00s).
I, [2019-05-28T16:03:23.502903 #14769]  INFO -- default-ubuntu-1604: -----> Converging <default-ubuntu-1604>...
I, [2019-05-28T16:03:23.505688 #14769]  INFO -- default-ubuntu-1604: Preparing files for transfer
I, [2019-05-28T16:03:23.505928 #14769]  INFO -- default-ubuntu-1604: Preparing dna.json
I, [2019-05-28T16:03:23.507006 #14769]  INFO -- default-ubuntu-1604: Resolving cookbook dependencies with Berkshelf 7.0.4...
I, [2019-05-28T16:03:24.411477 #14769]  INFO -- default-ubuntu-1604: Removing non-cookbook files before transfer
I, [2019-05-28T16:03:24.431120 #14769]  INFO -- default-ubuntu-1604: Preparing solo.rb
I, [2019-05-28T16:03:24.436416 #14769]  INFO -- default-ubuntu-1604: [SSH] connection failed, retrying in 1 seconds (#<Errno::ECONNREFUSED: Connection refused - connect(2) for 127.0.0.1:22>)
I, [2019-05-28T16:03:25.440953 #14769]  INFO -- default-ubuntu-1604: [SSH] connection failed, retrying in 1 seconds (#<Errno::ECONNREFUSED: Connection refused - connect(2) for 127.0.0.1:22>)
I, [2019-05-28T16:03:26.447074 #14769]  INFO -- default-ubuntu-1604: [SSH] connection failed, retrying in 1 seconds (#<Errno::ECONNREFUSED: Connection refused - connect(2) for 127.0.0.1:22>)
I, [2019-05-28T16:03:27.450662 #14769]  INFO -- default-ubuntu-1604: [SSH] connection failed, retrying in 1 seconds (#<Errno::ECONNREFUSED: Connection refused - connect(2) for 127.0.0.1:22>)
W, [2019-05-28T16:03:28.456555 #14769]  WARN -- default-ubuntu-1604: [SSH] connection failed, terminating (#<Errno::ECONNREFUSED: Connection refused - connect(2) for 127.0.0.1:22>)
E, [2019-05-28T16:03:28.482388 #14769] ERROR -- default-ubuntu-1604: Converge failed on instance <default-ubuntu-1604>.
E, [2019-05-28T16:03:28.482602 #14769] ERROR -- default-ubuntu-1604: ------Exception-------
E, [2019-05-28T16:03:28.482703 #14769] ERROR -- default-ubuntu-1604: Class: Kitchen::ActionFailed
E, [2019-05-28T16:03:28.482736 #14769] ERROR -- default-ubuntu-1604: Message: SSH session could not be established
E, [2019-05-28T16:03:28.482761 #14769] ERROR -- default-ubuntu-1604: ----------------------
E, [2019-05-28T16:03:28.482785 #14769] ERROR -- default-ubuntu-1604: ------Backtrace-------
E, [2019-05-28T16:03:28.482848 #14769] ERROR -- default-ubuntu-1604: /opt/chefdk/embedded/lib/ruby/gems/2.5.0/gems/test-kitchen-1.22.0/lib/kitchen/provisioner/base.rb:91:in `rescue in call'
E, [2019-05-28T16:03:28.482871 #14769] ERROR -- default-ubuntu-1604: /opt/chefdk/embedded/lib/ruby/gems/2.5.0/gems/test-kitchen-1.22.0/lib/kitchen/provisioner/base.rb:67:in `call'
E, [2019-05-28T16:03:28.482931 #14769] ERROR -- default-ubuntu-1604: /opt/chefdk/embedded/lib/ruby/gems/2.5.0/gems/test-kitchen-1.22.0/lib/kitchen/instance.rb:393:in `block in converge_action'
E, [2019-05-28T16:03:28.482958 #14769] ERROR -- default-ubuntu-1604: /opt/chefdk/embedded/lib/ruby/gems/2.5.0/gems/test-kitchen-1.22.0/lib/kitchen/instance.rb:536:in `synchronize_or_call'
E, [2019-05-28T16:03:28.482981 #14769] ERROR -- default-ubuntu-1604: /opt/chefdk/embedded/lib/ruby/gems/2.5.0/gems/test-kitchen-1.22.0/lib/kitchen/instance.rb:498:in `block in action'
E, [2019-05-28T16:03:28.483025 #14769] ERROR -- default-ubuntu-1604: /opt/chefdk/embedded/lib/ruby/2.5.0/benchmark.rb:293:in `measure'
E, [2019-05-28T16:03:28.483050 #14769] ERROR -- default-ubuntu-1604: /opt/chefdk/embedded/lib/ruby/gems/2.5.0/gems/test-kitchen-1.22.0/lib/kitchen/instance.rb:497:in `action'
E, [2019-05-28T16:03:28.483073 #14769] ERROR -- default-ubuntu-1604: /opt/chefdk/embedded/lib/ruby/gems/2.5.0/gems/test-kitchen-1.22.0/lib/kitchen/instance.rb:389:in `converge_action'
E, [2019-05-28T16:03:28.483096 #14769] ERROR -- default-ubuntu-1604: /opt/chefdk/embedded/lib/ruby/gems/2.5.0/gems/test-kitchen-1.22.0/lib/kitchen/instance.rb:368:in `block in transition_to'
E, [2019-05-28T16:03:28.483118 #14769] ERROR -- default-ubuntu-1604: /opt/chefdk/embedded/lib/ruby/gems/2.5.0/gems/test-kitchen-1.22.0/lib/kitchen/instance.rb:367:in `each'
E, [2019-05-28T16:03:28.483141 #14769] ERROR -- default-ubuntu-1604: /opt/chefdk/embedded/lib/ruby/gems/2.5.0/gems/test-kitchen-1.22.0/lib/kitchen/instance.rb:367:in `transition_to'
E, [2019-05-28T16:03:28.483164 #14769] ERROR -- default-ubuntu-1604: /opt/chefdk/embedded/lib/ruby/gems/2.5.0/gems/test-kitchen-1.22.0/lib/kitchen/instance.rb:157:in `verify'
E, [2019-05-28T16:03:28.483187 #14769] ERROR -- default-ubuntu-1604: /opt/chefdk/embedded/lib/ruby/gems/2.5.0/gems/test-kitchen-1.22.0/lib/kitchen/instance.rb:186:in `block in test'
E, [2019-05-28T16:03:28.483210 #14769] ERROR -- default-ubuntu-1604: /opt/chefdk/embedded/lib/ruby/2.5.0/benchmark.rb:293:in `measure'
E, [2019-05-28T16:03:28.483233 #14769] ERROR -- default-ubuntu-1604: /opt/chefdk/embedded/lib/ruby/gems/2.5.0/gems/test-kitchen-1.22.0/lib/kitchen/instance.rb:182:in `test'
E, [2019-05-28T16:03:28.483260 #14769] ERROR -- default-ubuntu-1604: /opt/chefdk/embedded/lib/ruby/gems/2.5.0/gems/test-kitchen-1.22.0/lib/kitchen/command.rb:197:in `public_send'
E, [2019-05-28T16:03:28.483289 #14769] ERROR -- default-ubuntu-1604: /opt/chefdk/embedded/lib/ruby/gems/2.5.0/gems/test-kitchen-1.22.0/lib/kitchen/command.rb:197:in `run_action_in_thread'
E, [2019-05-28T16:03:28.483312 #14769] ERROR -- default-ubuntu-1604: /opt/chefdk/embedded/lib/ruby/gems/2.5.0/gems/test-kitchen-1.22.0/lib/kitchen/command.rb:169:in `block (2 levels) in run_action'
E, [2019-05-28T16:03:28.483342 #14769] ERROR -- default-ubuntu-1604: ----End Backtrace-----
E, [2019-05-28T16:03:28.483376 #14769] ERROR -- default-ubuntu-1604: ---Nested Exception---
E, [2019-05-28T16:03:28.483397 #14769] ERROR -- default-ubuntu-1604: Class: Kitchen::Transport::SshFailed
E, [2019-05-28T16:03:28.483418 #14769] ERROR -- default-ubuntu-1604: Message: SSH session could not be established
E, [2019-05-28T16:03:28.483438 #14769] ERROR -- default-ubuntu-1604: ----------------------
E, [2019-05-28T16:03:28.483458 #14769] ERROR -- default-ubuntu-1604: ------Backtrace-------
E, [2019-05-28T16:03:28.483478 #14769] ERROR -- default-ubuntu-1604: /opt/chefdk/embedded/lib/ruby/gems/2.5.0/gems/test-kitchen-1.22.0/lib/kitchen/provisioner/base.rb:91:in `rescue in call'
E, [2019-05-28T16:03:28.483499 #14769] ERROR -- default-ubuntu-1604: /opt/chefdk/embedded/lib/ruby/gems/2.5.0/gems/test-kitchen-1.22.0/lib/kitchen/provisioner/base.rb:67:in `call'
E, [2019-05-28T16:03:28.483520 #14769] ERROR -- default-ubuntu-1604: /opt/chefdk/embedded/lib/ruby/gems/2.5.0/gems/test-kitchen-1.22.0/lib/kitchen/instance.rb:393:in `block in converge_action'
E, [2019-05-28T16:03:28.483541 #14769] ERROR -- default-ubuntu-1604: /opt/chefdk/embedded/lib/ruby/gems/2.5.0/gems/test-kitchen-1.22.0/lib/kitchen/instance.rb:536:in `synchronize_or_call'
E, [2019-05-28T16:03:28.483562 #14769] ERROR -- default-ubuntu-1604: /opt/chefdk/embedded/lib/ruby/gems/2.5.0/gems/test-kitchen-1.22.0/lib/kitchen/instance.rb:498:in `block in action'
E, [2019-05-28T16:03:28.483583 #14769] ERROR -- default-ubuntu-1604: /opt/chefdk/embedded/lib/ruby/2.5.0/benchmark.rb:293:in `measure'
E, [2019-05-28T16:03:28.483604 #14769] ERROR -- default-ubuntu-1604: /opt/chefdk/embedded/lib/ruby/gems/2.5.0/gems/test-kitchen-1.22.0/lib/kitchen/instance.rb:497:in `action'
E, [2019-05-28T16:03:28.483638 #14769] ERROR -- default-ubuntu-1604: /opt/chefdk/embedded/lib/ruby/gems/2.5.0/gems/test-kitchen-1.22.0/lib/kitchen/instance.rb:389:in `converge_action'
E, [2019-05-28T16:03:28.483660 #14769] ERROR -- default-ubuntu-1604: /opt/chefdk/embedded/lib/ruby/gems/2.5.0/gems/test-kitchen-1.22.0/lib/kitchen/instance.rb:368:in `block in transition_to'
E, [2019-05-28T16:03:28.483681 #14769] ERROR -- default-ubuntu-1604: /opt/chefdk/embedded/lib/ruby/gems/2.5.0/gems/test-kitchen-1.22.0/lib/kitchen/instance.rb:367:in `each'
E, [2019-05-28T16:03:28.483703 #14769] ERROR -- default-ubuntu-1604: /opt/chefdk/embedded/lib/ruby/gems/2.5.0/gems/test-kitchen-1.22.0/lib/kitchen/instance.rb:367:in `transition_to'
E, [2019-05-28T16:03:28.483723 #14769] ERROR -- default-ubuntu-1604: /opt/chefdk/embedded/lib/ruby/gems/2.5.0/gems/test-kitchen-1.22.0/lib/kitchen/instance.rb:157:in `verify'
E, [2019-05-28T16:03:28.483745 #14769] ERROR -- default-ubuntu-1604: /opt/chefdk/embedded/lib/ruby/gems/2.5.0/gems/test-kitchen-1.22.0/lib/kitchen/instance.rb:186:in `block in test'
E, [2019-05-28T16:03:28.483765 #14769] ERROR -- default-ubuntu-1604: /opt/chefdk/embedded/lib/ruby/2.5.0/benchmark.rb:293:in `measure'
E, [2019-05-28T16:03:28.483786 #14769] ERROR -- default-ubuntu-1604: /opt/chefdk/embedded/lib/ruby/gems/2.5.0/gems/test-kitchen-1.22.0/lib/kitchen/instance.rb:182:in `test'
E, [2019-05-28T16:03:28.483807 #14769] ERROR -- default-ubuntu-1604: /opt/chefdk/embedded/lib/ruby/gems/2.5.0/gems/test-kitchen-1.22.0/lib/kitchen/command.rb:197:in `public_send'
E, [2019-05-28T16:03:28.483828 #14769] ERROR -- default-ubuntu-1604: /opt/chefdk/embedded/lib/ruby/gems/2.5.0/gems/test-kitchen-1.22.0/lib/kitchen/command.rb:197:in `run_action_in_thread'
E, [2019-05-28T16:03:28.483849 #14769] ERROR -- default-ubuntu-1604: /opt/chefdk/embedded/lib/ruby/gems/2.5.0/gems/test-kitchen-1.22.0/lib/kitchen/command.rb:169:in `block (2 levels) in run_action'
E, [2019-05-28T16:03:28.483870 #14769] ERROR -- default-ubuntu-1604: ----End Backtrace-----
